mode: atomic
github.com/milindmadhukar/cloudget/pkg/utils/hash.go:19.42,21.2 1 8
github.com/milindmadhukar/cloudget/pkg/utils/hash.go:24.91,26.16 2 10
github.com/milindmadhukar/cloudget/pkg/utils/hash.go:26.16,28.3 1 1
github.com/milindmadhukar/cloudget/pkg/utils/hash.go:29.2,32.36 3 9
github.com/milindmadhukar/cloudget/pkg/utils/hash.go:33.13,34.21 1 5
github.com/milindmadhukar/cloudget/pkg/utils/hash.go:35.14,36.22 1 1
github.com/milindmadhukar/cloudget/pkg/utils/hash.go:37.16,38.24 1 1
github.com/milindmadhukar/cloudget/pkg/utils/hash.go:39.16,40.24 1 1
github.com/milindmadhukar/cloudget/pkg/utils/hash.go:41.10,42.69 1 1
github.com/milindmadhukar/cloudget/pkg/utils/hash.go:46.2,47.6 2 8
github.com/milindmadhukar/cloudget/pkg/utils/hash.go:47.6,49.12 2 17
github.com/milindmadhukar/cloudget/pkg/utils/hash.go:49.12,51.4 1 9
github.com/milindmadhukar/cloudget/pkg/utils/hash.go:52.3,52.20 1 17
github.com/milindmadhukar/cloudget/pkg/utils/hash.go:52.20,53.9 1 8
github.com/milindmadhukar/cloudget/pkg/utils/hash.go:55.3,55.17 1 9
github.com/milindmadhukar/cloudget/pkg/utils/hash.go:55.17,57.4 1 0
github.com/milindmadhukar/cloudget/pkg/utils/hash.go:60.2,60.48 1 8
github.com/milindmadhukar/cloudget/pkg/utils/hash.go:64.99,66.16 2 3
github.com/milindmadhukar/cloudget/pkg/utils/hash.go:66.16,68.3 1 0
github.com/milindmadhukar/cloudget/pkg/utils/hash.go:70.2,70.66 1 3
github.com/milindmadhukar/cloudget/pkg/utils/hash.go:70.66,72.3 1 1
github.com/milindmadhukar/cloudget/pkg/utils/hash.go:74.2,74.12 1 2
github.com/milindmadhukar/cloudget/pkg/utils/hash.go:78.60,80.2 1 1
github.com/milindmadhukar/cloudget/pkg/utils/hash.go:83.71,85.24 2 7
github.com/milindmadhukar/cloudget/pkg/utils/hash.go:86.10,87.15 1 2
github.com/milindmadhukar/cloudget/pkg/utils/hash.go:88.10,89.16 1 1
github.com/milindmadhukar/cloudget/pkg/utils/hash.go:90.10,91.18 1 1
github.com/milindmadhukar/cloudget/pkg/utils/hash.go:92.11,93.18 1 1
github.com/milindmadhukar/cloudget/pkg/utils/hash.go:94.10,95.19 1 2
github.com/milindmadhukar/cloudget/pkg/utils/http.go:40.34,55.2 9 7
github.com/milindmadhukar/cloudget/pkg/utils/http.go:57.55,59.2 1 0
github.com/milindmadhukar/cloudget/pkg/utils/http.go:61.116,64.20 2 5
github.com/milindmadhukar/cloudget/pkg/utils/http.go:64.20,66.3 1 0
github.com/milindmadhukar/cloudget/pkg/utils/http.go:68.2,69.16 2 5
github.com/milindmadhukar/cloudget/pkg/utils/http.go:69.16,71.3 1 1
github.com/milindmadhukar/cloudget/pkg/utils/http.go:73.2,73.90 1 4
github.com/milindmadhukar/cloudget/pkg/utils/http.go:73.90,75.3 1 1
github.com/milindmadhukar/cloudget/pkg/utils/http.go:77.2,81.79 2 3
github.com/milindmadhukar/cloudget/pkg/utils/http.go:81.79,82.71 1 3
github.com/milindmadhukar/cloudget/pkg/utils/http.go:82.71,84.4 1 3
github.com/milindmadhukar/cloudget/pkg/utils/http.go:87.2,87.94 1 3
github.com/milindmadhukar/cloudget/pkg/utils/http.go:87.94,88.70 1 1
github.com/milindmadhukar/cloudget/pkg/utils/http.go:88.70,90.4 1 1
github.com/milindmadhukar/cloudget/pkg/utils/http.go:93.2,93.29 1 3
github.com/milindmadhukar/cloudget/pkg/utils/http.go:93.29,94.60 1 2
github.com/milindmadhukar/cloudget/pkg/utils/http.go:94.60,96.87 2 2
github.com/milindmadhukar/cloudget/pkg/utils/http.go:96.87,98.5 1 1
github.com/milindmadhukar/cloudget/pkg/utils/http.go:102.2,104.51 2 3
github.com/milindmadhukar/cloudget/pkg/utils/http.go:104.51,106.3 1 1
github.com/milindmadhukar/cloudget/pkg/utils/http.go:108.2,108.76 1 3
github.com/milindmadhukar/cloudget/pkg/utils/http.go:108.76,109.67 1 1
github.com/milindmadhukar/cloudget/pkg/utils/http.go:109.67,111.4 1 1
github.com/milindmadhukar/cloudget/pkg/utils/http.go:114.2,114.22 1 3
github.com/milindmadhukar/cloudget/pkg/utils/http.go:117.131,120.46 2 2
github.com/milindmadhukar/cloudget/pkg/utils/http.go:120.46,122.3 1 0
github.com/milindmadhukar/cloudget/pkg/utils/http.go:124.2,129.20 5 2
github.com/milindmadhukar/cloudget/pkg/utils/http.go:129.20,130.29 1 1
github.com/milindmadhukar/cloudget/pkg/utils/http.go:130.29,132.4 1 0
github.com/milindmadhukar/cloudget/pkg/utils/http.go:133.3,133.29 1 1
github.com/milindmadhukar/cloudget/pkg/utils/http.go:133.29,135.4 1 0
github.com/milindmadhukar/cloudget/pkg/utils/http.go:138.2,139.53 2 2
github.com/milindmadhukar/cloudget/pkg/utils/http.go:139.53,140.18 1 2
github.com/milindmadhukar/cloudget/pkg/utils/http.go:140.18,144.11 2 0
github.com/milindmadhukar/cloudget/pkg/utils/http.go:145.22,146.26 1 0
github.com/milindmadhukar/cloudget/pkg/utils/http.go:147.34,147.34 0 0
github.com/milindmadhukar/cloudget/pkg/utils/http.go:151.3,152.17 2 2
github.com/milindmadhukar/cloudget/pkg/utils/http.go:152.17,154.12 2 0
github.com/milindmadhukar/cloudget/pkg/utils/http.go:157.3,157.91 1 2
github.com/milindmadhukar/cloudget/pkg/utils/http.go:157.91,159.12 2 0
github.com/milindmadhukar/cloudget/pkg/utils/http.go:162.3,163.37 2 2
github.com/milindmadhukar/cloudget/pkg/utils/http.go:163.37,165.12 2 0
github.com/milindmadhukar/cloudget/pkg/utils/http.go:168.3,168.19 1 2
github.com/milindmadhukar/cloudget/pkg/utils/http.go:171.2,171.97 1 0
github.com/milindmadhukar/cloudget/pkg/utils/http.go:174.115,176.16 2 1
github.com/milindmadhukar/cloudget/pkg/utils/http.go:176.16,178.3 1 0
github.com/milindmadhukar/cloudget/pkg/utils/http.go:180.2,180.24 1 1
github.com/milindmadhukar/cloudget/pkg/utils/http.go:180.24,182.3 1 0
github.com/milindmadhukar/cloudget/pkg/utils/http.go:184.2,184.37 1 1
github.com/milindmadhukar/cloudget/pkg/utils/http.go:184.37,187.3 2 0
github.com/milindmadhukar/cloudget/pkg/utils/http.go:189.2,190.45 2 1
github.com/milindmadhukar/cloudget/pkg/utils/http.go:190.45,192.3 1 1
github.com/milindmadhukar/cloudget/pkg/utils/http.go:194.2,194.84 1 1
github.com/milindmadhukar/cloudget/pkg/utils/http.go:197.115,200.46 2 0
github.com/milindmadhukar/cloudget/pkg/utils/http.go:200.46,202.3 1 0
github.com/milindmadhukar/cloudget/pkg/utils/http.go:204.2,205.16 2 0
github.com/milindmadhukar/cloudget/pkg/utils/http.go:205.16,207.3 1 0
github.com/milindmadhukar/cloudget/pkg/utils/http.go:208.2,211.16 3 0
github.com/milindmadhukar/cloudget/pkg/utils/http.go:211.16,213.3 1 0
github.com/milindmadhukar/cloudget/pkg/utils/http.go:215.2,215.40 1 0
github.com/milindmadhukar/cloudget/pkg/utils/http.go:215.40,217.3 1 0
github.com/milindmadhukar/cloudget/pkg/utils/http.go:219.2,219.12 1 0
github.com/milindmadhukar/cloudget/pkg/utils/http.go:222.144,224.16 2 1
github.com/milindmadhukar/cloudget/pkg/utils/http.go:224.16,226.3 1 0
github.com/milindmadhukar/cloudget/pkg/utils/http.go:227.2,234.31 4 1
github.com/milindmadhukar/cloudget/pkg/utils/http.go:234.31,235.10 1 1
github.com/milindmadhukar/cloudget/pkg/utils/http.go:236.21,237.20 1 0
github.com/milindmadhukar/cloudget/pkg/utils/http.go:238.11,238.11 0 1
github.com/milindmadhukar/cloudget/pkg/utils/http.go:241.3,242.17 2 1
github.com/milindmadhukar/cloudget/pkg/utils/http.go:242.17,244.4 1 0
github.com/milindmadhukar/cloudget/pkg/utils/http.go:246.3,246.60 1 1
github.com/milindmadhukar/cloudget/pkg/utils/http.go:246.60,248.4 1 0
github.com/milindmadhukar/cloudget/pkg/utils/http.go:250.3,251.52 2 1
github.com/milindmadhukar/cloudget/pkg/utils/http.go:251.52,253.4 1 0
github.com/milindmadhukar/cloudget/pkg/utils/http.go:256.2,256.12 1 1
github.com/milindmadhukar/cloudget/pkg/utils/http.go:259.62,262.63 2 4
github.com/milindmadhukar/cloudget/pkg/utils/http.go:262.63,264.23 2 11
github.com/milindmadhukar/cloudget/pkg/utils/http.go:264.23,266.4 1 3
github.com/milindmadhukar/cloudget/pkg/utils/http.go:268.3,272.5 1 11
github.com/milindmadhukar/cloudget/pkg/utils/http.go:275.2,275.15 1 4
github.com/milindmadhukar/cloudget/pkg/utils/http.go:278.56,285.22 3 7
github.com/milindmadhukar/cloudget/pkg/utils/http.go:285.22,287.3 1 4
github.com/milindmadhukar/cloudget/pkg/utils/http.go:290.2,292.22 3 3
github.com/milindmadhukar/cloudget/pkg/utils/http.go:292.22,294.64 1 1
github.com/milindmadhukar/cloudget/pkg/utils/http.go:294.64,296.4 1 1
github.com/milindmadhukar/cloudget/pkg/utils/http.go:297.3,297.20 1 0
github.com/milindmadhukar/cloudget/pkg/utils/http.go:300.2,300.11 1 2
github.com/milindmadhukar/cloudget/pkg/utils/http.go:314.38,316.18 2 7
github.com/milindmadhukar/cloudget/pkg/utils/http.go:316.18,318.3 1 2
github.com/milindmadhukar/cloudget/pkg/utils/http.go:319.2,320.46 2 5
github.com/milindmadhukar/cloudget/pkg/utils/http.go:320.46,323.3 2 4
github.com/milindmadhukar/cloudget/pkg/utils/http.go:324.2,324.76 1 5
github.com/milindmadhukar/cloudget/pkg/utils/resume.go:20.56,21.21 1 13
github.com/milindmadhukar/cloudget/pkg/utils/resume.go:21.21,23.3 1 2
github.com/milindmadhukar/cloudget/pkg/utils/resume.go:26.2,30.3 2 13
github.com/milindmadhukar/cloudget/pkg/utils/resume.go:34.90,39.16 4 6
github.com/milindmadhukar/cloudget/pkg/utils/resume.go:39.16,41.3 1 0
github.com/milindmadhukar/cloudget/pkg/utils/resume.go:43.2,44.16 2 6
github.com/milindmadhukar/cloudget/pkg/utils/resume.go:44.16,46.3 1 0
github.com/milindmadhukar/cloudget/pkg/utils/resume.go:48.2,48.12 1 6
github.com/milindmadhukar/cloudget/pkg/utils/resume.go:52.83,57.16 4 7
github.com/milindmadhukar/cloudget/pkg/utils/resume.go:57.16,58.25 1 3
github.com/milindmadhukar/cloudget/pkg/utils/resume.go:58.25,60.4 1 3
github.com/milindmadhukar/cloudget/pkg/utils/resume.go:61.3,61.64 1 0
github.com/milindmadhukar/cloudget/pkg/utils/resume.go:64.2,66.16 3 4
github.com/milindmadhukar/cloudget/pkg/utils/resume.go:66.16,68.3 1 0
github.com/milindmadhukar/cloudget/pkg/utils/resume.go:70.2,70.23 1 4
github.com/milindmadhukar/cloudget/pkg/utils/resume.go:74.58,79.39 4 1
github.com/milindmadhukar/cloudget/pkg/utils/resume.go:79.39,81.3 1 0
github.com/milindmadhukar/cloudget/pkg/utils/resume.go:83.2,83.12 1 1
github.com/milindmadhukar/cloudget/pkg/utils/resume.go:87.107,89.16 2 4
github.com/milindmadhukar/cloudget/pkg/utils/resume.go:89.16,91.3 1 0
github.com/milindmadhukar/cloudget/pkg/utils/resume.go:93.2,93.21 1 4
github.com/milindmadhukar/cloudget/pkg/utils/resume.go:93.21,95.3 1 1
github.com/milindmadhukar/cloudget/pkg/utils/resume.go:98.2,98.37 1 3
github.com/milindmadhukar/cloudget/pkg/utils/resume.go:98.37,100.3 1 1
github.com/milindmadhukar/cloudget/pkg/utils/resume.go:102.2,103.16 2 2
github.com/milindmadhukar/cloudget/pkg/utils/resume.go:103.16,104.25 1 0
github.com/milindmadhukar/cloudget/pkg/utils/resume.go:104.25,106.4 1 0
github.com/milindmadhukar/cloudget/pkg/utils/resume.go:107.3,107.71 1 0
github.com/milindmadhukar/cloudget/pkg/utils/resume.go:111.2,111.44 1 2
github.com/milindmadhukar/cloudget/pkg/utils/resume.go:111.44,113.3 1 1
github.com/milindmadhukar/cloudget/pkg/utils/resume.go:116.2,116.53 1 1
github.com/milindmadhukar/cloudget/pkg/utils/resume.go:116.53,118.3 1 0
github.com/milindmadhukar/cloudget/pkg/utils/resume.go:120.2,120.28 1 1
github.com/milindmadhukar/cloudget/pkg/utils/resume.go:124.96,126.16 2 2
github.com/milindmadhukar/cloudget/pkg/utils/resume.go:126.16,128.3 1 0
github.com/milindmadhukar/cloudget/pkg/utils/resume.go:130.2,132.32 2 2
github.com/milindmadhukar/cloudget/pkg/utils/resume.go:132.32,133.10 1 3
github.com/milindmadhukar/cloudget/pkg/utils/resume.go:134.21,135.20 1 1
github.com/milindmadhukar/cloudget/pkg/utils/resume.go:136.11,136.11 0 2
github.com/milindmadhukar/cloudget/pkg/utils/resume.go:139.3,139.20 1 2
github.com/milindmadhukar/cloudget/pkg/utils/resume.go:139.20,140.12 1 0
github.com/milindmadhukar/cloudget/pkg/utils/resume.go:143.3,144.17 2 2
github.com/milindmadhukar/cloudget/pkg/utils/resume.go:144.17,145.12 1 0
github.com/milindmadhukar/cloudget/pkg/utils/resume.go:148.3,148.36 1 2
github.com/milindmadhukar/cloudget/pkg/utils/resume.go:148.36,151.4 2 1
github.com/milindmadhukar/cloudget/pkg/utils/resume.go:154.2,154.12 1 1
github.com/milindmadhukar/cloudget/pkg/utils/resume.go:158.63,162.24 2 18
github.com/milindmadhukar/cloudget/pkg/utils/resume.go:162.24,163.14 1 378
github.com/milindmadhukar/cloudget/pkg/utils/resume.go:163.14,164.9 1 18
github.com/milindmadhukar/cloudget/pkg/utils/resume.go:166.3,166.81 1 360
github.com/milindmadhukar/cloudget/pkg/utils/resume.go:166.81,168.4 1 272
github.com/milindmadhukar/cloudget/pkg/utils/resume.go:168.9,170.4 1 88
github.com/milindmadhukar/cloudget/pkg/utils/resume.go:172.2,172.48 1 18
github.com/milindmadhukar/cloudget/pkg/utils/resume.go:175.24,176.11 1 0
github.com/milindmadhukar/cloudget/pkg/utils/resume.go:176.11,178.3 1 0
github.com/milindmadhukar/cloudget/pkg/utils/resume.go:179.2,179.10 1 0
